<?xml version="1.0" encoding="UTF-8"?>
<!-- Generated by org.testng.reporters.JUnitReportReporter -->
<testsuite hostname="LAPTOP-AN68LBP1" failures="0" tests="1" name="testpkg.Fblogintest" time="0.521" errors="0" timestamp="2024-03-07T23:54:15 IST" skipped="0">
  <testcase classname="testpkg.Fblogintest" name="testlogin" time="0.521"/>
  <system-out/>
</testsuite> <!-- testpkg.Fblogintest -->
