<?xml version="1.0" encoding="UTF-8"?>
<!-- Generated by org.testng.reporters.JUnitReportReporter -->
<testsuite hostname="LAPTOP-AN68LBP1" failures="0" tests="1" name="testpkg.Fbsignuptest" time="2.195" errors="0" timestamp="2024-03-09T11:01:49 IST" skipped="0">
  <testcase classname="testpkg.Fbsignuptest" name="testlogin" time="2.195"/>
  <system-out/>
</testsuite> <!-- testpkg.Fbsignuptest -->
