<?xml version="1.0" encoding="UTF-8"?>
<!-- Generated by org.testng.reporters.JUnitReportReporter -->
<testsuite hostname="LAPTOP-AN68LBP1" failures="0" tests="1" name="tetsngpkg.Datadrivetest" time="9.237" errors="0" timestamp="2024-02-27T11:16:36 IST" skipped="0">
  <testcase classname="tetsngpkg.Datadrivetest" name="datadriven" time="9.237"/>
  <system-out/>
</testsuite> <!-- tetsngpkg.Datadrivetest -->
