<?xml version="1.0" encoding="UTF-8"?>
<!-- Generated by org.testng.reporters.JUnitReportReporter -->
<testsuite hostname="LAPTOP-AN68LBP1" failures="0" tests="1" name="tetsngpkg.Windowhandler" time="5.631" errors="0" timestamp="2024-03-01T00:00:57 IST" skipped="0">
  <testcase classname="tetsngpkg.Windowhandler" name="test" time="5.631"/>
  <system-out/>
</testsuite> <!-- tetsngpkg.Windowhandler -->
