<?xml version="1.0" encoding="UTF-8"?>
<!-- Generated by org.testng.reporters.JUnitReportReporter -->
<testsuite hostname="LAPTOP-AN68LBP1" failures="0" tests="1" name="tetsngpkg.Amzntest" time="105.372" errors="0" timestamp="2024-03-03T23:12:33 IST" skipped="0">
  <testcase classname="tetsngpkg.Amzntest" name="test" time="105.372"/>
  <system-out/>
</testsuite> <!-- tetsngpkg.Amzntest -->
