<?xml version="1.0" encoding="UTF-8"?>
<!-- Generated by org.testng.reporters.JUnitReportReporter -->
<testsuite hostname="LAPTOP-AN68LBP1" failures="0" tests="1" name="tetsngpkg.Copypaste" time="1.030" errors="0" timestamp="2024-02-21T10:39:11 IST" skipped="0">
  <testcase classname="tetsngpkg.Copypaste" name="copypastemthd" time="1.030"/>
  <system-out/>
</testsuite> <!-- tetsngpkg.Copypaste -->
