<?xml version="1.0" encoding="UTF-8"?>
<!-- Generated by org.testng.reporters.JUnitReportReporter -->
<testsuite hostname="LAPTOP-AN68LBP1" failures="0" tests="1" name="tetsngpkg.Assertionprgm" time="0.043" errors="0" timestamp="2024-03-09T12:01:31 IST" skipped="0">
  <testcase classname="tetsngpkg.Assertionprgm" name="titleverification" time="0.043"/>
  <system-out/>
</testsuite> <!-- tetsngpkg.Assertionprgm -->
