<?xml version="1.0" encoding="UTF-8"?>
<!-- Generated by org.testng.reporters.JUnitReportReporter -->
<testsuite hostname="LAPTOP-AN68LBP1" failures="0" tests="1" name="tetsngpkg.Ebaymousehover" time="3.181" errors="0" timestamp="2024-03-01T23:47:09 IST" skipped="0">
  <testcase classname="tetsngpkg.Ebaymousehover" name="copypastemthd" time="3.181"/>
  <system-out/>
</testsuite> <!-- tetsngpkg.Ebaymousehover -->
