<?xml version="1.0" encoding="UTF-8"?>
<!-- Generated by org.testng.reporters.JUnitReportReporter -->
<testsuite hostname="LAPTOP-AN68LBP1" failures="0" tests="1" name="tetsngpkg.gobibodatepicker" time="3.251" errors="0" timestamp="2024-03-05T23:41:00 IST" skipped="0">
  <testcase classname="tetsngpkg.gobibodatepicker" name="scrolldown" time="3.251"/>
  <system-out/>
</testsuite> <!-- tetsngpkg.gobibodatepicker -->
